[12:33:50] [ServerMain/INFO]: Environment: Environment[sessionHost=https://sessionserver.mojang.com, servicesHost=https://api.minecraftservices.com, name=PROD]
[12:33:50] [ServerMain/INFO]: Found new data pack file/bukkit, loading it automatically
[12:33:51] [ServerMain/INFO]: No existing world data, creating new world
[12:33:51] [ServerMain/INFO]: Loaded 1174 recipes
[12:33:51] [ServerMain/INFO]: Loaded 1271 advancements
[12:33:52] [Server thread/INFO]: Starting minecraft server version 1.20.4
[12:33:52] [Server thread/INFO]: Loading properties
[12:33:52] [Server thread/INFO]: This server is running Paper version git-Paper-398 (MC: 1.20.4) (Implementing API version 1.20.4-R0.1-SNAPSHOT) (Git: b700460)
[12:33:52] [Server thread/INFO]: Using 4 threads for Netty based IO
[12:33:52] [Server thread/INFO]: Server Ping Player Sample Count: 12
[12:33:52] [Server thread/WARN]: [!] The timings profiler has been enabled but has been scheduled for removal from Paper in the future.
    We recommend installing the spark profiler as a replacement: https://spark.lucko.me/
    For more information please visit: https://github.com/PaperMC/Paper/issues/8948
[12:33:52] [Server thread/INFO]: [ChunkTaskScheduler] Chunk system is using 1 I/O threads, 8 worker threads, and gen parallelism of 8 threads
[12:33:52] [Server thread/INFO]: Default game type: SURVIVAL
[12:33:52] [Server thread/INFO]: Generating keypair
[12:33:52] [Server thread/INFO]: Starting Minecraft server on *:25565
[12:33:53] [Server thread/INFO]: Using default channel type
[12:33:53] [Server thread/INFO]: Paper: Using Java compression from Velocity.
[12:33:53] [Server thread/INFO]: Paper: Using Java cipher from Velocity.
[12:33:53] [Server thread/INFO]: Server permissions file permissions.yml is empty, ignoring it
[12:33:53] [Server thread/INFO]: Preparing level "world"
[12:33:55] [Server thread/INFO]: Preparing start region for dimension minecraft:overworld
[12:33:55] [Server thread/INFO]: Time elapsed: 50 ms
[12:33:55] [Server thread/INFO]: Preparing start region for dimension minecraft:the_nether
[12:33:55] [Server thread/INFO]: Time elapsed: 49 ms
[12:33:55] [Server thread/INFO]: Preparing start region for dimension minecraft:the_end
[12:33:55] [Server thread/INFO]: Time elapsed: 73 ms
[12:33:55] [Server thread/INFO]: Running delayed init tasks
[12:33:55] [Server thread/INFO]: Done (3.707s)! For help, type "help"
[12:33:55] [Server thread/INFO]: Timings Reset
